<?xml version="1.0" encoding="UTF-8"?>
<testsuite name="io.algobox.connector.dummy.DummyPriceServiceTest" tests="4" skipped="0" failures="0" errors="0" timestamp="2016-12-28T21:18:46" hostname="robertom-pc" time="0.43">
  <properties/>
  <testcase name="shouldSubscribeInstrument" classname="io.algobox.connector.dummy.DummyPriceServiceTest" time="0.118"/>
  <testcase name="shouldUnSubscribeInstrument" classname="io.algobox.connector.dummy.DummyPriceServiceTest" time="0.208"/>
  <testcase name="shouldShowSubscribedInstruments" classname="io.algobox.connector.dummy.DummyPriceServiceTest" time="0.001"/>
  <testcase name="shouldStopPriceStreamOnDisconnection" classname="io.algobox.connector.dummy.DummyPriceServiceTest" time="0.101"/>
  <system-out><![CDATA[]]></system-out>
  <system-err><![CDATA[]]></system-err>
</testsuite>
