<?xml version="1.0" encoding="UTF-8"?>
<testsuite name="io.algobox.connector.service.impl.ConnectorManagerHelperTest" tests="6" skipped="0" failures="0" errors="0" timestamp="2016-12-28T21:18:46" hostname="robertom-pc" time="0.044">
  <properties/>
  <testcase name="testShouldReturnMarketClosedOnSundayAfternoon" classname="io.algobox.connector.service.impl.ConnectorManagerHelperTest" time="0.038"/>
  <testcase name="testShouldReturnMarketClosedOnFridayNight" classname="io.algobox.connector.service.impl.ConnectorManagerHelperTest" time="0.0"/>
  <testcase name="testShouldReturnMarketClosedOnSaturday" classname="io.algobox.connector.service.impl.ConnectorManagerHelperTest" time="0.001"/>
  <testcase name="testShouldReturnMarketOpenDuringTheWeek" classname="io.algobox.connector.service.impl.ConnectorManagerHelperTest" time="0.001"/>
  <testcase name="testShouldReturnMarketOpenOnSundayNight" classname="io.algobox.connector.service.impl.ConnectorManagerHelperTest" time="0.001"/>
  <testcase name="testShouldReturnMarketOpenOnFridayAfternoon" classname="io.algobox.connector.service.impl.ConnectorManagerHelperTest" time="0.001"/>
  <system-out><![CDATA[]]></system-out>
  <system-err><![CDATA[SLF4J: Failed to load class "org.slf4j.impl.StaticLoggerBinder".
SLF4J: Defaulting to no-operation (NOP) logger implementation
SLF4J: See http://www.slf4j.org/codes.html#StaticLoggerBinder for further details.
]]></system-err>
</testsuite>
