<?xml version="1.0" encoding="UTF-8"?>
<testsuite name="io.algobox.connector.dummy.DummyConnectorTest" tests="1" skipped="0" failures="0" errors="0" timestamp="2016-12-28T21:18:46" hostname="robertom-pc" time="0.003">
  <properties/>
  <testcase name="shouldDisconnect" classname="io.algobox.connector.dummy.DummyConnectorTest" time="0.003"/>
  <system-out><![CDATA[]]></system-out>
  <system-err><![CDATA[]]></system-err>
</testsuite>
