<?xml version="1.0" encoding="UTF-8"?>
<testsuite name="integrationTest.GrizzlyMicroServiceIT" tests="4" skipped="0" failures="0" errors="0" timestamp="2016-12-28T21:18:55" hostname="robertom-pc" time="1.282">
  <properties/>
  <testcase name="testShouldDisableSwaggerByDefault" classname="integrationTest.GrizzlyMicroServiceIT" time="0.524"/>
  <testcase name="testShouldStartAndStopWithDefaultConfiguration" classname="integrationTest.GrizzlyMicroServiceIT" time="0.155"/>
  <testcase name="testShouldRegisterAController" classname="integrationTest.GrizzlyMicroServiceIT" time="0.165"/>
  <testcase name="testShouldEnableSwagger" classname="integrationTest.GrizzlyMicroServiceIT" time="0.431"/>
  <system-out><![CDATA[]]></system-out>
  <system-err><![CDATA[Dec 28, 2016 10:18:55 PM org.glassfish.grizzly.http.server.NetworkListener start
INFO: Started listener bound to [0.0.0.0:8080]
Dec 28, 2016 10:18:55 PM org.glassfish.grizzly.http.server.HttpServer start
INFO: [HttpServer] Started.
Dec 28, 2016 10:18:55 PM org.glassfish.grizzly.http.server.NetworkListener shutdownNow
INFO: Stopped listener bound to [0.0.0.0:8080]
Dec 28, 2016 10:18:55 PM org.glassfish.grizzly.http.server.NetworkListener start
INFO: Started listener bound to [0.0.0.0:8080]
Dec 28, 2016 10:18:55 PM org.glassfish.grizzly.http.server.HttpServer start
INFO: [HttpServer-1] Started.
Dec 28, 2016 10:18:55 PM org.glassfish.grizzly.http.server.NetworkListener shutdownNow
INFO: Stopped listener bound to [0.0.0.0:8080]
Dec 28, 2016 10:18:56 PM org.glassfish.grizzly.http.server.NetworkListener start
INFO: Started listener bound to [0.0.0.0:8088]
Dec 28, 2016 10:18:56 PM org.glassfish.grizzly.http.server.HttpServer start
INFO: [HttpServer-2] Started.
Dec 28, 2016 10:18:56 PM org.glassfish.grizzly.http.server.NetworkListener shutdownNow
INFO: Stopped listener bound to [0.0.0.0:8088]
Dec 28, 2016 10:18:56 PM org.glassfish.grizzly.http.server.NetworkListener start
INFO: Started listener bound to [0.0.0.0:8088]
Dec 28, 2016 10:18:56 PM org.glassfish.grizzly.http.server.HttpServer start
INFO: [HttpServer-3] Started.
Dec 28, 2016 10:18:56 PM org.glassfish.grizzly.http.server.NetworkListener shutdownNow
INFO: Stopped listener bound to [0.0.0.0:8088]
]]></system-err>
</testsuite>
