<?xml version="1.0" encoding="UTF-8"?>
<testsuite name="io.algobox.backtest.spark.task.SparkOptimisationTaskTest" tests="1" skipped="0" failures="0" errors="0" timestamp="2016-12-28T21:18:39" hostname="robertom-pc" time="4.641">
  <properties/>
  <testcase name="shouldProduceSortedExperimentResults" classname="io.algobox.backtest.spark.task.SparkOptimisationTaskTest" time="4.641"/>
  <system-out><![CDATA[]]></system-out>
  <system-err><![CDATA[Using Spark's default log4j profile: org/apache/spark/log4j-defaults.properties
16/12/28 22:18:39 INFO SparkContext: Running Spark version 2.0.2
16/12/28 22:18:39 WARN NativeCodeLoader: Unable to load native-hadoop library for your platform... using builtin-java classes where applicable
16/12/28 22:18:39 WARN Utils: Your hostname, robertom-pc resolves to a loopback address: 127.0.1.1; using 192.168.0.14 instead (on interface wlo1)
16/12/28 22:18:39 WARN Utils: Set SPARK_LOCAL_IP if you need to bind to another address
16/12/28 22:18:40 INFO SecurityManager: Changing view acls to: robertom
16/12/28 22:18:40 INFO SecurityManager: Changing modify acls to: robertom
16/12/28 22:18:40 INFO SecurityManager: Changing view acls groups to: 
16/12/28 22:18:40 INFO SecurityManager: Changing modify acls groups to: 
16/12/28 22:18:40 INFO SecurityManager: SecurityManager: authentication disabled; ui acls disabled; users  with view permissions: Set(robertom); groups with view permissions: Set(); users  with modify permissions: Set(robertom); groups with modify permissions: Set()
16/12/28 22:18:40 INFO Utils: Successfully started service 'sparkDriver' on port 40920.
16/12/28 22:18:40 INFO SparkEnv: Registering MapOutputTracker
16/12/28 22:18:40 INFO SparkEnv: Registering BlockManagerMaster
16/12/28 22:18:40 INFO DiskBlockManager: Created local directory at /tmp/blockmgr-527a18fa-d331-4e44-a121-03faa1772abf
16/12/28 22:18:40 INFO MemoryStore: MemoryStore started with capacity 875.1 MB
16/12/28 22:18:40 INFO SparkEnv: Registering OutputCommitCoordinator
16/12/28 22:18:41 INFO Utils: Successfully started service 'SparkUI' on port 4040.
16/12/28 22:18:41 INFO SparkUI: Bound SparkUI to 0.0.0.0, and started at http://192.168.0.14:4040
16/12/28 22:18:41 INFO Executor: Starting executor ID driver on host localhost
16/12/28 22:18:41 INFO Utils: Successfully started service 'org.apache.spark.network.netty.NettyBlockTransferService' on port 40794.
16/12/28 22:18:41 INFO NettyBlockTransferService: Server created on 192.168.0.14:40794
16/12/28 22:18:41 INFO BlockManagerMaster: Registering BlockManager BlockManagerId(driver, 192.168.0.14, 40794)
16/12/28 22:18:41 INFO BlockManagerMasterEndpoint: Registering block manager 192.168.0.14:40794 with 875.1 MB RAM, BlockManagerId(driver, 192.168.0.14, 40794)
16/12/28 22:18:41 INFO BlockManagerMaster: Registered BlockManager BlockManagerId(driver, 192.168.0.14, 40794)
16/12/28 22:18:41 WARN SparkContext: Use an existing SparkContext, some configuration may not take effect.
16/12/28 22:18:41 INFO SparkOptimisationTask: Loading prices for [DAX] from [1481094056000] to [1481107076000].
16/12/28 22:18:41 INFO SparkOptimisationTask: Loaded [5] prices ticks.
16/12/28 22:18:41 INFO MemoryStore: Block broadcast_0 stored as values in memory (estimated size 344.0 B, free 875.1 MB)
16/12/28 22:18:42 INFO MemoryStore: Block broadcast_0_piece0 stored as bytes in memory (estimated size 191.0 B, free 875.1 MB)
16/12/28 22:18:42 INFO BlockManagerInfo: Added broadcast_0_piece0 in memory on 192.168.0.14:40794 (size: 191.0 B, free: 875.1 MB)
16/12/28 22:18:42 INFO SparkContext: Created broadcast 0 from broadcast at SparkOptimisationTask.java:49
16/12/28 22:18:42 INFO SparkOptimisationTask: Processing [3] experiments.
16/12/28 22:18:43 INFO SparkContext: Starting job: collect at SparkOptimisationTask.java:59
16/12/28 22:18:43 INFO DAGScheduler: Registering RDD 2 (sortBy at SparkOptimisationTask.java:58)
16/12/28 22:18:43 INFO DAGScheduler: Got job 0 (collect at SparkOptimisationTask.java:59) with 1 output partitions
16/12/28 22:18:43 INFO DAGScheduler: Final stage: ResultStage 1 (collect at SparkOptimisationTask.java:59)
16/12/28 22:18:43 INFO DAGScheduler: Parents of final stage: List(ShuffleMapStage 0)
16/12/28 22:18:43 INFO DAGScheduler: Missing parents: List(ShuffleMapStage 0)
16/12/28 22:18:43 INFO DAGScheduler: Submitting ShuffleMapStage 0 (MapPartitionsRDD[2] at sortBy at SparkOptimisationTask.java:58), which has no missing parents
16/12/28 22:18:43 INFO MemoryStore: Block broadcast_1 stored as values in memory (estimated size 6.7 KB, free 875.1 MB)
16/12/28 22:18:43 INFO MemoryStore: Block broadcast_1_piece0 stored as bytes in memory (estimated size 3.9 KB, free 875.1 MB)
16/12/28 22:18:43 INFO BlockManagerInfo: Added broadcast_1_piece0 in memory on 192.168.0.14:40794 (size: 3.9 KB, free: 875.1 MB)
16/12/28 22:18:43 INFO SparkContext: Created broadcast 1 from broadcast at DAGScheduler.scala:1012
16/12/28 22:18:43 INFO DAGScheduler: Submitting 4 missing tasks from ShuffleMapStage 0 (MapPartitionsRDD[2] at sortBy at SparkOptimisationTask.java:58)
16/12/28 22:18:43 INFO TaskSchedulerImpl: Adding task set 0.0 with 4 tasks
16/12/28 22:18:43 INFO TaskSetManager: Starting task 0.0 in stage 0.0 (TID 0, localhost, partition 0, PROCESS_LOCAL, 5297 bytes)
16/12/28 22:18:43 INFO TaskSetManager: Starting task 1.0 in stage 0.0 (TID 1, localhost, partition 1, PROCESS_LOCAL, 5418 bytes)
16/12/28 22:18:43 INFO TaskSetManager: Starting task 2.0 in stage 0.0 (TID 2, localhost, partition 2, PROCESS_LOCAL, 5418 bytes)
16/12/28 22:18:43 INFO TaskSetManager: Starting task 3.0 in stage 0.0 (TID 3, localhost, partition 3, PROCESS_LOCAL, 5418 bytes)
16/12/28 22:18:43 INFO Executor: Running task 2.0 in stage 0.0 (TID 2)
16/12/28 22:18:43 INFO Executor: Running task 0.0 in stage 0.0 (TID 0)
16/12/28 22:18:43 INFO Executor: Running task 1.0 in stage 0.0 (TID 1)
16/12/28 22:18:43 INFO Executor: Running task 3.0 in stage 0.0 (TID 3)
16/12/28 22:18:43 INFO Executor: Finished task 0.0 in stage 0.0 (TID 0). 742 bytes result sent to driver
16/12/28 22:18:43 INFO TaskSetManager: Finished task 0.0 in stage 0.0 (TID 0) in 178 ms on localhost (1/4)
16/12/28 22:18:43 INFO Executor: Finished task 1.0 in stage 0.0 (TID 1). 1011 bytes result sent to driver
16/12/28 22:18:43 INFO Executor: Finished task 3.0 in stage 0.0 (TID 3). 1011 bytes result sent to driver
16/12/28 22:18:43 INFO TaskSetManager: Finished task 1.0 in stage 0.0 (TID 1) in 291 ms on localhost (2/4)
16/12/28 22:18:43 INFO TaskSetManager: Finished task 3.0 in stage 0.0 (TID 3) in 275 ms on localhost (3/4)
16/12/28 22:18:43 INFO Executor: Finished task 2.0 in stage 0.0 (TID 2). 1011 bytes result sent to driver
16/12/28 22:18:43 INFO TaskSetManager: Finished task 2.0 in stage 0.0 (TID 2) in 293 ms on localhost (4/4)
16/12/28 22:18:43 INFO DAGScheduler: ShuffleMapStage 0 (sortBy at SparkOptimisationTask.java:58) finished in 0.344 s
16/12/28 22:18:43 INFO TaskSchedulerImpl: Removed TaskSet 0.0, whose tasks have all completed, from pool 
16/12/28 22:18:43 INFO DAGScheduler: looking for newly runnable stages
16/12/28 22:18:43 INFO DAGScheduler: running: Set()
16/12/28 22:18:43 INFO DAGScheduler: waiting: Set(ResultStage 1)
16/12/28 22:18:43 INFO DAGScheduler: failed: Set()
16/12/28 22:18:43 INFO DAGScheduler: Submitting ResultStage 1 (MapPartitionsRDD[4] at sortBy at SparkOptimisationTask.java:58), which has no missing parents
16/12/28 22:18:43 INFO MemoryStore: Block broadcast_2 stored as values in memory (estimated size 4.4 KB, free 875.1 MB)
16/12/28 22:18:43 INFO MemoryStore: Block broadcast_2_piece0 stored as bytes in memory (estimated size 2.5 KB, free 875.1 MB)
16/12/28 22:18:43 INFO BlockManagerInfo: Added broadcast_2_piece0 in memory on 192.168.0.14:40794 (size: 2.5 KB, free: 875.1 MB)
16/12/28 22:18:43 INFO SparkContext: Created broadcast 2 from broadcast at DAGScheduler.scala:1012
16/12/28 22:18:43 INFO DAGScheduler: Submitting 1 missing tasks from ResultStage 1 (MapPartitionsRDD[4] at sortBy at SparkOptimisationTask.java:58)
16/12/28 22:18:43 INFO TaskSchedulerImpl: Adding task set 1.0 with 1 tasks
16/12/28 22:18:43 INFO TaskSetManager: Starting task 0.0 in stage 1.0 (TID 4, localhost, partition 0, ANY, 5169 bytes)
16/12/28 22:18:43 INFO Executor: Running task 0.0 in stage 1.0 (TID 4)
16/12/28 22:18:43 INFO ShuffleBlockFetcherIterator: Getting 3 non-empty blocks out of 4 blocks
16/12/28 22:18:43 INFO ShuffleBlockFetcherIterator: Started 0 remote fetches in 9 ms
16/12/28 22:18:43 INFO Executor: Finished task 0.0 in stage 1.0 (TID 4). 3188 bytes result sent to driver
16/12/28 22:18:43 INFO TaskSetManager: Finished task 0.0 in stage 1.0 (TID 4) in 104 ms on localhost (1/1)
16/12/28 22:18:43 INFO TaskSchedulerImpl: Removed TaskSet 1.0, whose tasks have all completed, from pool 
16/12/28 22:18:43 INFO DAGScheduler: ResultStage 1 (collect at SparkOptimisationTask.java:59) finished in 0.105 s
16/12/28 22:18:43 INFO DAGScheduler: Job 0 finished: collect at SparkOptimisationTask.java:59, took 0.577092 s
16/12/28 22:18:43 INFO SparkOptimisationTask: [3] experiment processed, returning result.
16/12/28 22:18:43 INFO SparkUI: Stopped Spark web UI at http://192.168.0.14:4040
16/12/28 22:18:43 INFO MapOutputTrackerMasterEndpoint: MapOutputTrackerMasterEndpoint stopped!
16/12/28 22:18:43 INFO MemoryStore: MemoryStore cleared
16/12/28 22:18:43 INFO BlockManager: BlockManager stopped
16/12/28 22:18:43 INFO BlockManagerMaster: BlockManagerMaster stopped
16/12/28 22:18:43 INFO OutputCommitCoordinator$OutputCommitCoordinatorEndpoint: OutputCommitCoordinator stopped!
16/12/28 22:18:43 INFO SparkContext: Successfully stopped SparkContext
]]></system-err>
</testsuite>
