<?xml version="1.0" encoding="UTF-8"?>
<testsuite name="io.algobox.backtest.spark.factory.ExperimentContextFactoryTest" tests="4" skipped="0" failures="0" errors="0" timestamp="2016-12-28T21:18:43" hostname="robertom-pc" time="0.007">
  <properties/>
  <testcase name="createExperimentContextsInvalidRange_step" classname="io.algobox.backtest.spark.factory.ExperimentContextFactoryTest" time="0.002"/>
  <testcase name="createExperimentContextsInvalidRange_FromTo" classname="io.algobox.backtest.spark.factory.ExperimentContextFactoryTest" time="0.0"/>
  <testcase name="createExperimentContexts" classname="io.algobox.backtest.spark.factory.ExperimentContextFactoryTest" time="0.003"/>
  <testcase name="createExperimentContextsInvalidRange_ZeroStep" classname="io.algobox.backtest.spark.factory.ExperimentContextFactoryTest" time="0.001"/>
  <system-out><![CDATA[]]></system-out>
  <system-err><![CDATA[]]></system-err>
</testsuite>
