<?xml version="1.0" encoding="UTF-8"?>
<testsuite name="io.algobox.strategy.StrategyContextTest" tests="2" skipped="0" failures="0" errors="0" timestamp="2016-12-28T21:18:50" hostname="robertom-pc" time="0.581">
  <properties/>
  <testcase name="testIncrementTicksCount" classname="io.algobox.strategy.StrategyContextTest" time="0.58"/>
  <testcase name="testGetMapping" classname="io.algobox.strategy.StrategyContextTest" time="0.001"/>
  <system-out><![CDATA[]]></system-out>
  <system-err><![CDATA[]]></system-err>
</testsuite>
