<?xml version="1.0" encoding="UTF-8"?>
<testsuite name="io.algobox.strategy.dummy.DummyStrategyTest" tests="2" skipped="0" failures="0" errors="0" timestamp="2016-12-28T21:18:50" hostname="robertom-pc" time="0.014">
  <properties/>
  <testcase name="shouldSendOrders" classname="io.algobox.strategy.dummy.DummyStrategyTest" time="0.013"/>
  <testcase name="shouldProcessTicks" classname="io.algobox.strategy.dummy.DummyStrategyTest" time="0.001"/>
  <system-out><![CDATA[]]></system-out>
  <system-err><![CDATA[]]></system-err>
</testsuite>
