<?xml version="1.0" encoding="UTF-8"?>
<testsuite name="io.algobox.api.module.order.service.impl.OrderServiceImplTest" tests="1" skipped="0" failures="0" errors="0" timestamp="2016-12-28T21:18:28" hostname="robertom-pc" time="0.876">
  <properties/>
  <testcase name="sendOrder" classname="io.algobox.api.module.order.service.impl.OrderServiceImplTest" time="0.876"/>
  <system-out><![CDATA[]]></system-out>
  <system-err><![CDATA[]]></system-err>
</testsuite>
