<?xml version="1.0" encoding="UTF-8"?>
<testsuite name="io.algobox.api.module.strategy.service.impl.StrategyManagerImplTest" tests="3" skipped="0" failures="0" errors="0" timestamp="2017-01-13T14:51:56" hostname="robertom-pc" time="0.051">
  <properties/>
  <testcase name="shouldUploadJarWithStrategy" classname="io.algobox.api.module.strategy.service.impl.StrategyManagerImplTest" time="0.038"/>
  <testcase name="shouldLoadDummyStrategyByDefault" classname="io.algobox.api.module.strategy.service.impl.StrategyManagerImplTest" time="0.001"/>
  <testcase name="shouldAvoidDuplicatedId" classname="io.algobox.api.module.strategy.service.impl.StrategyManagerImplTest" time="0.011"/>
  <system-out><![CDATA[2017-01-13 15:51:56,751 [Test worker] INFO  i.a.a.m.s.s.impl.StrategyManagerImpl - Loaded strategy [io.algobox.strategy.dummy.DummyStrategy] with id [dummy] from jar [dummy-strategy.jar].
2017-01-13 15:51:56,752 [Test worker] WARN  i.a.a.m.s.s.impl.StrategyManagerImpl - No jars containing strategies found in [/home/robertom/src/algobox/opensource/algobox/java/algobox/algobox-api/build/classes/test/].
2017-01-13 15:51:56,760 [Test worker] INFO  i.a.a.m.s.s.impl.StrategyManagerImpl - Loaded strategy [io.algobox.strategy.dummy.DummyStrategy] with id [dummy] from jar [dummy-strategy.jar].
2017-01-13 15:51:56,763 [Test worker] ERROR i.a.a.m.s.s.impl.StrategyManagerImpl - Error while loading strategy jars from [/home/robertom/src/algobox/opensource/algobox/java/algobox/algobox-api/build/resources/test]: [duplicate key: dummy].
java.lang.IllegalArgumentException: duplicate key: dummy
	at avro.shaded.com.google.common.base.Preconditions.checkArgument(Preconditions.java:115)
	at avro.shaded.com.google.common.collect.RegularImmutableMap.<init>(RegularImmutableMap.java:72)
	at avro.shaded.com.google.common.collect.ImmutableMap$Builder.fromEntryList(ImmutableMap.java:245)
	at avro.shaded.com.google.common.collect.ImmutableMap$Builder.build(ImmutableMap.java:231)
	at io.algobox.api.module.strategy.service.impl.StrategyManagerImpl.loadStrategies(StrategyManagerImpl.java:109)
	at io.algobox.api.module.strategy.service.impl.StrategyManagerImpl.<init>(StrategyManagerImpl.java:51)
	at io.algobox.api.module.strategy.service.impl.StrategyManagerImplTest.createStrategyManager(StrategyManagerImplTest.java:57)
	at io.algobox.api.module.strategy.service.impl.StrategyManagerImplTest.shouldAvoidDuplicatedId(StrategyManagerImplTest.java:37)
	at sun.reflect.NativeMethodAccessorImpl.invoke0(Native Method)
	at sun.reflect.NativeMethodAccessorImpl.invoke(NativeMethodAccessorImpl.java:62)
	at sun.reflect.DelegatingMethodAccessorImpl.invoke(DelegatingMethodAccessorImpl.java:43)
	at java.lang.reflect.Method.invoke(Method.java:498)
	at org.junit.runners.model.FrameworkMethod$1.runReflectiveCall(FrameworkMethod.java:47)
	at org.junit.internal.runners.model.ReflectiveCallable.run(ReflectiveCallable.java:12)
	at org.junit.runners.model.FrameworkMethod.invokeExplosively(FrameworkMethod.java:44)
	at org.junit.internal.runners.statements.InvokeMethod.evaluate(InvokeMethod.java:17)
	at org.junit.internal.runners.statements.ExpectException.evaluate(ExpectException.java:19)
	at org.junit.runners.ParentRunner.runLeaf(ParentRunner.java:271)
	at org.junit.runners.BlockJUnit4ClassRunner.runChild(BlockJUnit4ClassRunner.java:70)
	at org.junit.runners.BlockJUnit4ClassRunner.runChild(BlockJUnit4ClassRunner.java:50)
	at org.junit.runners.ParentRunner$3.run(ParentRunner.java:238)
	at org.junit.runners.ParentRunner$1.schedule(ParentRunner.java:63)
	at org.junit.runners.ParentRunner.runChildren(ParentRunner.java:236)
	at org.junit.runners.ParentRunner.access$000(ParentRunner.java:53)
	at org.junit.runners.ParentRunner$2.evaluate(ParentRunner.java:229)
	at org.junit.runners.ParentRunner.run(ParentRunner.java:309)
	at org.gradle.api.internal.tasks.testing.junit.JUnitTestClassExecuter.runTestClass(JUnitTestClassExecuter.java:114)
	at org.gradle.api.internal.tasks.testing.junit.JUnitTestClassExecuter.execute(JUnitTestClassExecuter.java:57)
	at org.gradle.api.internal.tasks.testing.junit.JUnitTestClassProcessor.processTestClass(JUnitTestClassProcessor.java:66)
	at org.gradle.api.internal.tasks.testing.SuiteTestClassProcessor.processTestClass(SuiteTestClassProcessor.java:51)
	at sun.reflect.NativeMethodAccessorImpl.invoke0(Native Method)
	at sun.reflect.NativeMethodAccessorImpl.invoke(NativeMethodAccessorImpl.java:62)
	at sun.reflect.DelegatingMethodAccessorImpl.invoke(DelegatingMethodAccessorImpl.java:43)
	at java.lang.reflect.Method.invoke(Method.java:498)
	at org.gradle.internal.dispatch.ReflectionDispatch.dispatch(ReflectionDispatch.java:35)
	at org.gradle.internal.dispatch.ReflectionDispatch.dispatch(ReflectionDispatch.java:24)
	at org.gradle.internal.dispatch.ContextClassLoaderDispatch.dispatch(ContextClassLoaderDispatch.java:32)
	at org.gradle.internal.dispatch.ProxyDispatchAdapter$DispatchingInvocationHandler.invoke(ProxyDispatchAdapter.java:93)
	at com.sun.proxy.$Proxy2.processTestClass(Unknown Source)
	at org.gradle.api.internal.tasks.testing.worker.TestWorker.processTestClass(TestWorker.java:109)
	at sun.reflect.NativeMethodAccessorImpl.invoke0(Native Method)
	at sun.reflect.NativeMethodAccessorImpl.invoke(NativeMethodAccessorImpl.java:62)
	at sun.reflect.DelegatingMethodAccessorImpl.invoke(DelegatingMethodAccessorImpl.java:43)
	at java.lang.reflect.Method.invoke(Method.java:498)
	at org.gradle.internal.dispatch.ReflectionDispatch.dispatch(ReflectionDispatch.java:35)
	at org.gradle.internal.dispatch.ReflectionDispatch.dispatch(ReflectionDispatch.java:24)
	at org.gradle.internal.remote.internal.hub.MessageHub$Handler.run(MessageHub.java:377)
	at org.gradle.internal.concurrent.ExecutorPolicy$CatchAndRecordFailures.onExecute(ExecutorPolicy.java:54)
	at org.gradle.internal.concurrent.StoppableExecutorImpl$1.run(StoppableExecutorImpl.java:40)
	at java.util.concurrent.ThreadPoolExecutor.runWorker(ThreadPoolExecutor.java:1142)
	at java.util.concurrent.ThreadPoolExecutor$Worker.run(ThreadPoolExecutor.java:617)
	at java.lang.Thread.run(Thread.java:745)
]]></system-out>
  <system-err><![CDATA[]]></system-err>
</testsuite>
